<?xml version="1.0" encoding="utf-8"?><testsuite errors="0" failures="1" name="pytest" skips="0" tests="2" time="5.723"><testcase classname="check_sphinx" name="test_linkcheck" time="4.17145800591"><failure message="test failure">E   CalledProcessError: Command &apos;[&apos;sphinx-build&apos;, &apos;-blinkcheck&apos;, &apos;-d&apos;, &apos;/private/var/folders/k_/ttz9cd4d3kj2kbh3lvtn6tkm0000gn/T/pytest-24/test_linkcheck0/doctrees&apos;, &apos;.&apos;, &apos;/private/var/folders/k_/ttz9cd4d3kj2kbh3lvtn6tkm0000gn/T/pytest-24/test_linkcheck0/html&apos;]&apos; returned non-zero exit status 1</failure><system-out>Running Sphinx v1.3b1
making output directory...
loading pickled environment... not yet created
building [mo]: targets for 0 po files that are out of date
building [linkcheck]: targets for 10 source files that are out of date
updating environment: 10 added, 0 changed, 0 removed
reading sources... [ 10%] arch
reading sources... [ 20%] authors
reading sources... [ 30%] contributing
reading sources... [ 40%] example
reading sources... [ 50%] history
reading sources... [ 60%] hope
reading sources... [ 70%] index
reading sources... [ 80%] lang
reading sources... [ 90%] modules
reading sources... [100%] optimization

looking for now-outdated files... none found
pickling environment... done
checking consistency... done
preparing documents... done
writing output... [ 10%] arch

writing output... [ 20%] authors

writing output... [ 30%] contributing

writing output... [ 40%] example

writing output... [ 50%] history

writing output... [ 60%] hope

writing output... [ 70%] index

(line    3) ok        https://travis-ci.org/cosmo-ethz/hope
(line   32) ok        http://www.astro.ethz.ch/refregier/research/Software
(line   32) ok        http://www.astro.ethz.ch
(line    3) redirect  http://badge.fury.io/py/hope - with Found to https://pypi.python.org/pypi/hope/0.3.0
(line    3) broken    https://crate.io/packages/hope?version=latest - HTTP Error 404: NOT FOUND
(line   32) ok        https://github.com/cosmo-ethz/hope
(line   34) ok        http://arxiv.org/abs/1410.4345
(line   24) ok        http://refreweb.phys.ethz.ch/hope/benchmark.html
(line   34) ok        http://pythonhosted.org/hope
(line   39) ok        https://pypi.python.org/pypi/hope
(line   34) redirect  http://hope.phys.ethz.ch - with Found to http://www.astro.ethz.ch/refregier/research/Software/hope
(line    3) ok        https://coveralls.io/r/cosmo-ethz/hope?branch=master
writing output... [ 80%] lang

writing output... [ 90%] modules

writing output... [100%] optimization

(line    9) ok        http://sympy.org
(line   21) ok        http://en.cppreference.com/w/cpp/numeric/math/pow

build finished with problems, 8 warnings.
</system-out><system-err>../README.rst:None: WARNING: nonlocal image URI found: https://badge.fury.io/py/hope.png
../README.rst:None: WARNING: nonlocal image URI found: https://travis-ci.org/cosmo-ethz/hope.png?branch=master
../README.rst:None: WARNING: nonlocal image URI found: https://pypip.in/d/hope/badge.png
../README.rst:None: WARNING: nonlocal image URI found: https://coveralls.io/repos/cosmo-ethz/hope/badge.png?branch=master
/Users/jakeret/workspace/hope/docs/modules.rst:: WARNING: document isn&apos;t included in any toctree
/Users/jakeret/workspace/hope/docs/arch.rst:4: WARNING: undefined label: example (if the link has no caption the label must precede a section header)
/Users/jakeret/workspace/hope/docs/arch.rst:4: WARNING: undefined label: optimization (if the link has no caption the label must precede a section header)
/Users/jakeret/workspace/hope/docs/example.rst:145: WARNING: undefined label: optimization (if the link has no caption the label must precede a section header)
</system-err></testcase><testcase classname="check_sphinx" name="test_build_docs" time="1.52196788788"><system-out>Running Sphinx v1.3b1
making output directory...
loading pickled environment... not yet created
building [mo]: targets for 0 po files that are out of date
building [html]: targets for 10 source files that are out of date
updating environment: 10 added, 0 changed, 0 removed
reading sources... [ 10%] arch
reading sources... [ 20%] authors
reading sources... [ 30%] contributing
reading sources... [ 40%] example
reading sources... [ 50%] history
reading sources... [ 60%] hope
reading sources... [ 70%] index
reading sources... [ 80%] lang
reading sources... [ 90%] modules
reading sources... [100%] optimization

looking for now-outdated files... none found
pickling environment... done
checking consistency... done
preparing documents... done
writing output... [ 10%] arch
writing output... [ 20%] authors
writing output... [ 30%] contributing
writing output... [ 40%] example
writing output... [ 50%] history
writing output... [ 60%] hope
writing output... [ 70%] index
writing output... [ 80%] lang
writing output... [ 90%] modules
writing output... [100%] optimization

generating indices... genindex py-modindex
highlighting module code... [ 50%] hope.serialization
highlighting module code... [100%] hope.jit

writing additional pages... search
copying images... [100%] flow.jpg

copying static files... done
copying extra files... done
dumping search index in English (code: en) ... done
dumping object inventory... done
build succeeded, 9 warnings.
</system-out><system-err>../README.rst:None: WARNING: nonlocal image URI found: https://badge.fury.io/py/hope.png
../README.rst:None: WARNING: nonlocal image URI found: https://travis-ci.org/cosmo-ethz/hope.png?branch=master
../README.rst:None: WARNING: nonlocal image URI found: https://pypip.in/d/hope/badge.png
../README.rst:None: WARNING: nonlocal image URI found: https://coveralls.io/repos/cosmo-ethz/hope/badge.png?branch=master
/Users/jakeret/workspace/hope/docs/modules.rst:: WARNING: document isn&apos;t included in any toctree
/Users/jakeret/workspace/hope/docs/arch.rst:4: WARNING: undefined label: example (if the link has no caption the label must precede a section header)
/Users/jakeret/workspace/hope/docs/arch.rst:4: WARNING: undefined label: optimization (if the link has no caption the label must precede a section header)
/Users/jakeret/workspace/hope/docs/example.rst:145: WARNING: undefined label: optimization (if the link has no caption the label must precede a section header)
WARNING: html_static_path entry u&apos;/Users/jakeret/workspace/hope/docs/_static&apos; does not exist
</system-err></testcase></testsuite>